ERROR(7): '<-' requires operands of the same type but lhs is type bool and rhs is type int.							     |	ERROR(7): '<-' requires operands of the same type but lhs is bool and rhs is int.
ERROR(8): '<-' requires operands of the same type but lhs is type int and rhs is type bool.							     |	ERROR(8): '<-' requires operands of the same type but lhs is int and rhs is bool.
ERROR(9): '<-' requires operands of the same type but lhs is type int and rhs is type char.							     |	ERROR(9): '<-' requires operands of the same type but lhs is int and rhs is char.
ERROR(11): '>' requires operands of the same type but lhs is type bool and rhs is type int.							     |	ERROR(11): '>' requires operands of the same type but lhs is bool and rhs is int.
ERROR(12): '<' requires operands of the same type but lhs is type bool and rhs is type int.							     |	ERROR(12): '<' requires operands of the same type but lhs is bool and rhs is int.
ERROR(13): '<=' requires operands of the same type but lhs is type bool and rhs is type int.							     |	ERROR(13): '<=' requires operands of the same type but lhs is bool and rhs is int.
ERROR(13): '>=' requires operands of the same type but lhs is type bool and rhs is type int.							     |	ERROR(13): '>=' requires operands of the same type but lhs is bool and rhs is int.
ERROR(14): '=' requires operands of the same type but lhs is type int and rhs is type bool.							     |	ERROR(14): '=' requires operands of the same type but lhs is int and rhs is bool.
ERROR(15): Unary 'not' requires an operand of type bool but was given type int.									     |	ERROR(15): 'and' requires operands of the same type but lhs is int and rhs is bool.
ERROR(15): 'and' requires operands of type bool but lhs is of type int.										     |	ERROR(16): 'or' requires operands of the same type but lhs is int and rhs is bool.
ERROR(16): Unary 'not' requires an operand of type bool but was given type int.									     |	ERROR(17): '<-' requires operands of the same type but lhs is int and rhs is bool.
ERROR(16): 'or' requires operands of type bool but lhs is of type int.										     |	ERROR(21): '+' requires operands of int but lhs is of bool.
ERROR(17): '<-' requires operands of the same type but lhs is type int and rhs is type bool.							     |	ERROR(22): '-' requires operands of int but rhs is of bool.
ERROR(21): '+' requires operands of type int but lhs is of type bool.										     |	ERROR(23): '*' requires operands of int but lhs is of bool.
ERROR(22): '-' requires operands of type int but rhs is of type bool.										     |	ERROR(24): '/' requires operands of int but rhs is of bool.
ERROR(23): '*' requires operands of type int but lhs is of type bool.										     |	ERROR(25): '%' requires operands of int but lhs is of bool.
ERROR(24): '/' requires operands of type int but rhs is of type bool.										     |	ERROR(27): '+=' requires operands of int but lhs is of bool.
ERROR(25): '%' requires operands of type int but lhs is of type bool.										     |	ERROR(28): '-=' requires operands of int but lhs is of bool.
ERROR(27): '+=' requires operands of type int but lhs is of type bool.										     |	ERROR(29): '*=' requires operands of int but lhs is of bool.
ERROR(28): '-=' requires operands of type int but lhs is of type bool.										     |	ERROR(30): '/=' requires operands of int but lhs is of bool.
ERROR(29): '*=' requires operands of type int but lhs is of type bool.										     |	ERROR(32): Unary '-' requires an operand of int but was given bool.
ERROR(30): '/=' requires operands of type int but lhs is of type bool.										     |	ERROR(34): Unary '?' requires an operand of int but was given bool.
ERROR(32): Unary 'chsign' requires an operand of type int but was given type bool.								     |	ERROR(42): '[' requires operands of the same type but lhs is bool and rhs is int.
ERROR(33): Unary 'not' requires an operand of type bool but was given type int.									     |	ERROR(42): '[' requires both operands be arrays or not but lhs is (null) an array and rhs is (null) an array.
ERROR(34): Unary '?' requires an operand of type int but was given type bool.									     |	ERROR(43): '[' requires both operands be arrays or not but lhs is (null) an array and rhs is (null) an array.
WARNING(42): Variable 'aa' may be uninitialized when used here.											     |	ERROR(43): '<-' requires operands of the same type but lhs is char and rhs is int.
ERROR(43): Array 'ba' should be indexed by type int but got type char.										     |	ERROR(44): '[' requires operands of the same type but lhs is bool and rhs is int.
WARNING(43): Variable 'b' may be uninitialized when used here.											     |	ERROR(44): '[' requires both operands be arrays or not but lhs is (null) an array and rhs is (null) an array.
ERROR(43): '<-' requires operands of the same type but lhs is type char and rhs is type int.							     |	ERROR(44): '[' requires operands of the same type but lhs is int and rhs is bool.
ERROR(44): Array 'ca' should be indexed by type int but got type bool.										     |	ERROR(44): '[' requires both operands be arrays or not but lhs is (null) an array and rhs is (null) an array.
WARNING(44): Variable 'c' may be uninitialized when used here.											     |	ERROR(44): '<-' requires operands of the same type but lhs is int and rhs is bool.
ERROR(44): '<-' requires operands of the same type but lhs is type int and rhs is type bool.							     <
ERROR(45): Array 'aa' should be indexed by type int but got type bool.										     <
ERROR(45): Array index is the unindexed array 'aa'.												     <
ERROR(46): Cannot use function 'cat' as a variable.													ERROR(46): Cannot use function 'cat' as a variable.
ERROR(46): Cannot index nonarray 'cat'.														     |	ERROR(46): '[' requires operands of the same type but lhs is bool and rhs is int.
ERROR(47): Cannot use function 'cat' as a variable.													ERROR(47): Cannot use function 'cat' as a variable.
ERROR(54): '<-' requires operands of the same type but lhs is type char and rhs is type int.							     |	ERROR(49): Unary '*' requires an operand of int but was given char.
ERROR(65): '<-' requires operands of the same type but lhs is type int and rhs is type char.							     |	ERROR(49): The operation '*' only works with arrays.
ERROR(67): Cannot return an array.														     |	ERROR(52): Symbol 'z' is already declared at line 51.
WARNING(73): Variable 'i' may be uninitialized when used here.											     |	ERROR(53): Symbol 'z' is already declared at line 51.
																		     >	ERROR(54): '<-' requires operands of the same type but lhs is char and rhs is int.
																		     >	ERROR(60): The operation '>' does not work with arrays.
																		     >	ERROR(61): The operation '>=' does not work with arrays.
																		     >	ERROR(62): The operation '<' does not work with arrays.
																		     >	ERROR(63): The operation '<=' does not work with arrays.
																		     >	ERROR(65): '<-' requires operands of the same type but lhs is int and rhs is CharInt.
ERROR(79): Symbol 'a' is already declared at line 79.													ERROR(79): Symbol 'a' is already declared at line 79.
ERROR(81): Symbol 'a' is already declared at line 79.												     <
ERROR(82): Symbol 'b' is not declared.															ERROR(82): Symbol 'b' is not declared.
ERROR(85): Symbol 'c' is not declared.															ERROR(85): Symbol 'c' is not declared.
ERROR(85): Symbol 'c' is not declared.															ERROR(85): Symbol 'c' is not declared.
ERROR(86): Symbol 'c' is not declared.															ERROR(86): Symbol 'c' is not declared.
WARNING(86): Variable 'b' may be uninitialized when used here.											     |	ERROR(96): Unary '?' requires an operand of int but was given char.
WARNING(84): The variable 'a' seems not to be used.												     <
ERROR(96): Unary '?' requires an operand of type int but was given type char.									     <
ERROR(96): The operation '?' does not work with arrays.													ERROR(96): The operation '?' does not work with arrays.
ERROR(97): '/' requires operands of type int but lhs is of type char.										     |	ERROR(97): '/' requires operands of int but lhs is of char.
ERROR(97): '/' requires operands of type int but rhs is of type char.										     |	ERROR(97): '/' requires operands of int but rhs is of char.
ERROR(97): The operation '/' does not work with arrays.													ERROR(97): The operation '/' does not work with arrays.
ERROR(98): The operation 'sizeof' only works with arrays.											     |	ERROR(98): Unary '*' requires an operand of int but was given bool.
ERROR(99): 'bbb' is a simple variable and cannot be called.												ERROR(99): 'bbb' is a simple variable and cannot be called.
ERROR(102): '<-' requires operands of the same type but lhs is type char and rhs is type bool.							     |	ERROR(102): '[' requires operands of the same type but lhs is char and rhs is int.
ERROR(105): '+' requires operands of type int but lhs is of type void.										     |	ERROR(102): '[' requires both operands be arrays or not but lhs is (null) an array and rhs is (null) an array.
ERROR(105): '+' requires operands of type int but rhs is of type bool.										     |	ERROR(102): '<-' requires operands of the same type but lhs is char and rhs is bool.
ERROR(107): '+' requires operands of type int but lhs is of type char.										     |	ERROR(104): '[' requires operands of the same type but lhs is char and rhs is int.
																		     >	ERROR(104): '[' requires both operands be arrays or not but lhs is (null) an array and rhs is (null) an array.
																		     >	ERROR(105): '+' requires operands of int but lhs is of void.
																		     >	ERROR(105): '+' requires operands of int but rhs is of bool.
																		     >	ERROR(107): '+' requires operands of int but lhs is of char.
																		     >	ERROR(107): '+' requires operands of int but lhs is of char.
ERROR(110): Symbol 'mane' is already declared at line 91.												ERROR(110): Symbol 'mane' is already declared at line 91.
ERROR(LINKER): A function named 'main()' must be defined.												ERROR(LINKER): A function named 'main()' must be defined.
Number of warnings: 6																     |	Number of warnings: 0
Number of errors: 56																     |	Number of errors: 67
