0a1
> WARNING(4): The variable 'x' seems not to be used.
3,12c4,18
< .   .   Child: 1  While [line: 4]
< .   .   .   Child: 0  Const true of type bool [line: 4]
< .   .   .   Child: 1  Compound [line: 4]
< .   .   .   .   Child: 1  While [line: 5]
< .   .   .   .   .   Child: 0  Const true of type bool [line: 5]
< .   .   .   .   .   Child: 1  Compound [line: 5]
< .   .   .   .   .   .   Child: 1  Break [line: 6]
< .   .   .   .   Sibling: 1  Break [line: 8]
< .   .   Sibling: 1  Break [line: 10]
< Number of warnings: 0
---
> .   .   Child: 0  Var: x of type int [line: 4]
> .   .   Child: 1  While [line: 5]
> .   .   .   Child: 0  Const true of type bool [line: 5]
> .   .   .   Child: 1  For [line: 5]
> .   .   .   .   Child: 0  Var: x of type int [line: 5]
> .   .   .   .   Child: 1  Range [line: 5]
> .   .   .   .   .   Child: 0  Const 1 of type int [line: 5]
> .   .   .   .   .   Child: 1  Id: x of type int [line: 5]
> .   .   .   .   Child: 2  If [line: 5]
> .   .   .   .   .   Child: 0  Op: > of type bool [line: 5]
> .   .   .   .   .   .   Child: 0  Id: x of type int [line: 5]
> .   .   .   .   .   .   Child: 1  Const 1 of type int [line: 5]
> .   .   .   .   .   Child: 1  Break [line: 5]
> .   .   .   .   .   Child: 2  Break [line: 5]
> Number of warnings: 1
