ERROR(6): '<-' requires operands of the same type but lhs is type int 		ERROR(6): '<-' requires operands of the same type but lhs is type int 
ERROR(7): '<-' requires operands of the same type but lhs is type int 		ERROR(7): '<-' requires operands of the same type but lhs is type int 
ERROR(9): Expecting Boolean test condition in if statement but got typ		ERROR(9): Expecting Boolean test condition in if statement but got typ
ERROR(11): Expecting Boolean test condition in if statement but got ty		ERROR(11): Expecting Boolean test condition in if statement but got ty
ERROR(14): Expecting Boolean test condition in if statement but got ty		ERROR(14): Expecting Boolean test condition in if statement but got ty
ERROR(14): Expecting Boolean test condition in if statement but got ty		ERROR(14): Expecting Boolean test condition in if statement but got ty
ERROR(17): Expecting Boolean test condition in if statement but got ty	  <
ERROR(18): Expecting Boolean test condition in if statement but got ty	  <
ERROR(19): Expecting Boolean test condition in if statement but got ty	  <
ERROR(20): Expecting Boolean test condition in if statement but got ty	  <
ERROR(21): Expecting Boolean test condition in if statement but got ty		ERROR(21): Expecting Boolean test condition in if statement but got ty
									  >	ERROR(20): Expecting Boolean test condition in if statement but got ty
									  >	ERROR(19): Expecting Boolean test condition in if statement but got ty
									  >	ERROR(18): Expecting Boolean test condition in if statement but got ty
									  >	ERROR(17): Expecting Boolean test condition in if statement but got ty
ERROR(23): Expecting Boolean test condition in while statement but got		ERROR(23): Expecting Boolean test condition in while statement but got
ERROR(25): Expecting Boolean test condition in while statement but got		ERROR(25): Expecting Boolean test condition in while statement but got
ERROR(33): Expecting Boolean test condition in while statement but got		ERROR(33): Expecting Boolean test condition in while statement but got
ERROR(36): Expecting Boolean test condition in while statement but got		ERROR(36): Expecting Boolean test condition in while statement but got
ERROR(44): Cannot have a break statement outside of loop.			ERROR(44): Cannot have a break statement outside of loop.
WARNING(46): The variable 'z' seems not to be used.				WARNING(46): The variable 'z' seems not to be used.
WARNING(48): The variable 'i' seems not to be used.				WARNING(48): The variable 'i' seems not to be used.
ERROR(50): Expecting type int in position 1 in range of for statement 		ERROR(50): Expecting type int in position 1 in range of for statement 
WARNING(50): The variable 'i' seems not to be used.				WARNING(50): The variable 'i' seems not to be used.
ERROR(52): Expecting type int in position 1 in range of for statement 		ERROR(52): Expecting type int in position 1 in range of for statement 
ERROR(52): Symbol 'zog' is not declared.					ERROR(52): Symbol 'zog' is not declared.
WARNING(52): The variable 'i' seems not to be used.				WARNING(52): The variable 'i' seems not to be used.
ERROR(54): '<-' requires operands of the same type but lhs is type cha		ERROR(54): '<-' requires operands of the same type but lhs is type cha
ERROR(56): Expecting type int in position 3 in range of for statement 		ERROR(56): Expecting type int in position 3 in range of for statement 
WARNING(56): The variable 'i' seems not to be used.				WARNING(56): The variable 'i' seems not to be used.
ERROR(58): Expecting type int in position 3 in range of for statement 		ERROR(58): Expecting type int in position 3 in range of for statement 
WARNING(58): The variable 'i' seems not to be used.				WARNING(58): The variable 'i' seems not to be used.
ERROR(60): Symbol 'zog' is not declared.					ERROR(60): Symbol 'zog' is not declared.
WARNING(60): The variable 'i' seems not to be used.				WARNING(60): The variable 'i' seems not to be used.
ERROR(62): Symbol 'zog' is not declared.					ERROR(62): Symbol 'zog' is not declared.
WARNING(62): The variable 'i' seems not to be used.				WARNING(62): The variable 'i' seems not to be used.
Number of warnings: 8								Number of warnings: 8
Number of errors: 24								Number of errors: 24
